<?xml version="1.0" encoding="UTF-8"?>
<!-- Generated by org.testng.reporters.JUnitXMLReporter -->
<testsuite ignored="0" hostname="LAU08006946" failures="0" tests="5" name="Default test" time="48.378" errors="0" timestamp="2022-08-03T22:09:27 NZST">
  <testcase classname="BuggyCarsRatingTestcases" name="launchValidateHomePage" time="6.774"/>
  <testcase classname="BuggyCarsRatingTestcases" name="userRegistration" time="8.122"/>
  <testcase classname="BuggyCarsRatingTestcases" name="userLogin" time="8.003"/>
  <testcase classname="BuggyCarsRatingTestcases" name="profileUpdate" time="9.889"/>
  <testcase classname="BuggyCarsRatingTestcases" name="navigationPagesAndVote" time="11.184"/>
</testsuite> <!-- Default test -->
